{"E:\\trade-history-api\\app.js": {"path":"E:\\trade-history-api\\app.js","statementMap":{"0":{"start":{"line":9,"column":0},"end":{"line":9,"column":32}},"1":{"start":{"line":24,"column":0},"end":{"line":24,"column":35}},"2":{"start":{"line":27,"column":12},"end":{"line":27,"column":21}},"3":{"start":{"line":30,"column":0},"end":{"line":30,"column":27}},"4":{"start":{"line":33,"column":0},"end":{"line":33,"column":46}},"5":{"start":{"line":36,"column":0},"end":{"line":36,"column":69}}},"fnMap":{},"branchMap":{},"s":{"0":1,"1":1,"2":1,"3":1,"4":1,"5":1},"f":{},"b":{},"_coverageSchema":"1a1c01bbd47fc00a2c39e90264f33305004495a9","hash":"a53aaae4c79ba7dcb5379e7b1e351091b4021e17"}
,"E:\\trade-history-api\\redisClient.js": {"path":"E:\\trade-history-api\\redisClient.js","statementMap":{"0":{"start":{"line":5,"column":20},"end":{"line":7,"column":2}},"1":{"start":{"line":10,"column":0},"end":{"line":12,"column":3}},"2":{"start":{"line":11,"column":2},"end":{"line":11,"column":37}},"3":{"start":{"line":16,"column":2},"end":{"line":18,"column":3}},"4":{"start":{"line":17,"column":4},"end":{"line":17,"column":32}},"5":{"start":{"line":23,"column":2},"end":{"line":25,"column":3}},"6":{"start":{"line":24,"column":4},"end":{"line":24,"column":35}}},"fnMap":{"0":{"name":"(anonymous_0)","decl":{"start":{"line":10,"column":24},"end":{"line":10,"column":25}},"loc":{"start":{"line":10,"column":33},"end":{"line":12,"column":1}},"line":10},"1":{"name":"connect","decl":{"start":{"line":15,"column":22},"end":{"line":15,"column":29}},"loc":{"start":{"line":15,"column":32},"end":{"line":19,"column":1}},"line":15},"2":{"name":"disconnect","decl":{"start":{"line":22,"column":22},"end":{"line":22,"column":32}},"loc":{"start":{"line":22,"column":35},"end":{"line":26,"column":1}},"line":22}},"branchMap":{"0":{"loc":{"start":{"line":6,"column":7},"end":{"line":6,"column":56}},"type":"binary-expr","locations":[{"start":{"line":6,"column":7},"end":{"line":6,"column":28}},{"start":{"line":6,"column":32},"end":{"line":6,"column":56}}],"line":6},"1":{"loc":{"start":{"line":16,"column":2},"end":{"line":18,"column":3}},"type":"if","locations":[{"start":{"line":16,"column":2},"end":{"line":18,"column":3}},{"start":{},"end":{}}],"line":16},"2":{"loc":{"start":{"line":23,"column":2},"end":{"line":25,"column":3}},"type":"if","locations":[{"start":{"line":23,"column":2},"end":{"line":25,"column":3}},{"start":{},"end":{}}],"line":23}},"s":{"0":2,"1":2,"2":0,"3":1,"4":1,"5":1,"6":1},"f":{"0":0,"1":1,"2":1},"b":{"0":[2,0],"1":[1,0],"2":[1,0]},"_coverageSchema":"1a1c01bbd47fc00a2c39e90264f33305004495a9","hash":"8327db30bd41cd323ee724863feeea59434257fc"}
,"E:\\trade-history-api\\swaggerConfig.js": {"path":"E:\\trade-history-api\\swaggerConfig.js","statementMap":{"0":{"start":{"line":5,"column":16},"end":{"line":15,"column":1}},"1":{"start":{"line":18,"column":14},"end":{"line":18,"column":35}}},"fnMap":{},"branchMap":{},"s":{"0":1,"1":1},"f":{},"b":{},"_coverageSchema":"1a1c01bbd47fc00a2c39e90264f33305004495a9","hash":"e26cfcdd41ae36718da1ef43dde21d47e9b02e2e"}
,"E:\\trade-history-api\\controllers\\tradeHistoryController.js": {"path":"E:\\trade-history-api\\controllers\\tradeHistoryController.js","statementMap":{"0":{"start":{"line":9,"column":37},"end":{"line":20,"column":1}},"1":{"start":{"line":10,"column":2},"end":{"line":19,"column":3}},"2":{"start":{"line":12,"column":18},"end":{"line":12,"column":45}},"3":{"start":{"line":14,"column":4},"end":{"line":14,"column":32}},"4":{"start":{"line":17,"column":4},"end":{"line":17,"column":50}},"5":{"start":{"line":18,"column":4},"end":{"line":18,"column":51}},"6":{"start":{"line":27,"column":39},"end":{"line":40,"column":1}},"7":{"start":{"line":29,"column":35},"end":{"line":29,"column":44}},"8":{"start":{"line":30,"column":2},"end":{"line":39,"column":3}},"9":{"start":{"line":32,"column":19},"end":{"line":32,"column":70}},"10":{"start":{"line":34,"column":4},"end":{"line":34,"column":33}},"11":{"start":{"line":37,"column":4},"end":{"line":37,"column":23}},"12":{"start":{"line":38,"column":4},"end":{"line":38,"column":51}},"13":{"start":{"line":47,"column":38},"end":{"line":59,"column":1}},"14":{"start":{"line":48,"column":2},"end":{"line":58,"column":3}},"15":{"start":{"line":50,"column":18},"end":{"line":50,"column":56}},"16":{"start":{"line":52,"column":4},"end":{"line":52,"column":74}},"17":{"start":{"line":52,"column":16},"end":{"line":52,"column":74}},"18":{"start":{"line":54,"column":4},"end":{"line":54,"column":32}},"19":{"start":{"line":57,"column":4},"end":{"line":57,"column":51}}},"fnMap":{"0":{"name":"(anonymous_0)","decl":{"start":{"line":9,"column":37},"end":{"line":9,"column":38}},"loc":{"start":{"line":9,"column":57},"end":{"line":20,"column":1}},"line":9},"1":{"name":"(anonymous_1)","decl":{"start":{"line":27,"column":39},"end":{"line":27,"column":40}},"loc":{"start":{"line":27,"column":59},"end":{"line":40,"column":1}},"line":27},"2":{"name":"(anonymous_2)","decl":{"start":{"line":47,"column":38},"end":{"line":47,"column":39}},"loc":{"start":{"line":47,"column":58},"end":{"line":59,"column":1}},"line":47}},"branchMap":{"0":{"loc":{"start":{"line":29,"column":10},"end":{"line":29,"column":18}},"type":"default-arg","locations":[{"start":{"line":29,"column":17},"end":{"line":29,"column":18}}],"line":29},"1":{"loc":{"start":{"line":29,"column":20},"end":{"line":29,"column":30}},"type":"default-arg","locations":[{"start":{"line":29,"column":28},"end":{"line":29,"column":30}}],"line":29},"2":{"loc":{"start":{"line":52,"column":4},"end":{"line":52,"column":74}},"type":"if","locations":[{"start":{"line":52,"column":4},"end":{"line":52,"column":74}},{"start":{},"end":{}}],"line":52}},"s":{"0":1,"1":1,"2":1,"3":1,"4":0,"5":0,"6":1,"7":1,"8":1,"9":1,"10":1,"11":0,"12":0,"13":1,"14":2,"15":2,"16":2,"17":1,"18":1,"19":0},"f":{"0":1,"1":1,"2":2},"b":{"0":[0],"1":[0],"2":[1,1]},"_coverageSchema":"1a1c01bbd47fc00a2c39e90264f33305004495a9","hash":"c22f18753074eb3db3fe857b2421b24e6ca694da"}
,"E:\\trade-history-api\\middleware\\authMiddleware.js": {"path":"E:\\trade-history-api\\middleware\\authMiddleware.js","statementMap":{"0":{"start":{"line":10,"column":31},"end":{"line":28,"column":1}},"1":{"start":{"line":12,"column":16},"end":{"line":12,"column":58}},"2":{"start":{"line":15,"column":2},"end":{"line":15,"column":69}},"3":{"start":{"line":15,"column":14},"end":{"line":15,"column":69}},"4":{"start":{"line":18,"column":2},"end":{"line":27,"column":5}},"5":{"start":{"line":20,"column":4},"end":{"line":20,"column":65}},"6":{"start":{"line":20,"column":13},"end":{"line":20,"column":65}},"7":{"start":{"line":23,"column":4},"end":{"line":23,"column":20}},"8":{"start":{"line":26,"column":4},"end":{"line":26,"column":11}}},"fnMap":{"0":{"name":"(anonymous_0)","decl":{"start":{"line":10,"column":31},"end":{"line":10,"column":32}},"loc":{"start":{"line":10,"column":51},"end":{"line":28,"column":1}},"line":10},"1":{"name":"(anonymous_1)","decl":{"start":{"line":18,"column":44},"end":{"line":18,"column":45}},"loc":{"start":{"line":18,"column":59},"end":{"line":27,"column":3}},"line":18}},"branchMap":{"0":{"loc":{"start":{"line":15,"column":2},"end":{"line":15,"column":69}},"type":"if","locations":[{"start":{"line":15,"column":2},"end":{"line":15,"column":69}},{"start":{},"end":{}}],"line":15},"1":{"loc":{"start":{"line":20,"column":4},"end":{"line":20,"column":65}},"type":"if","locations":[{"start":{"line":20,"column":4},"end":{"line":20,"column":65}},{"start":{},"end":{}}],"line":20}},"s":{"0":1,"1":7,"2":7,"3":3,"4":4,"5":4,"6":0,"7":4,"8":4},"f":{"0":7,"1":4},"b":{"0":[3,4],"1":[0,4]},"_coverageSchema":"1a1c01bbd47fc00a2c39e90264f33305004495a9","hash":"9e6200f500b28727f29873f9fca9fc0a926969e2"}
,"E:\\trade-history-api\\models\\index.js": {"path":"E:\\trade-history-api\\models\\index.js","statementMap":{"0":{"start":{"line":3,"column":0},"end":{"line":3,"column":32}},"1":{"start":{"line":5,"column":18},"end":{"line":8,"column":2}},"2":{"start":{"line":10,"column":11},"end":{"line":13,"column":1}}},"fnMap":{},"branchMap":{},"s":{"0":2,"1":2,"2":2},"f":{},"b":{},"_coverageSchema":"1a1c01bbd47fc00a2c39e90264f33305004495a9","hash":"00117a32daf224d7cc7b137d955ffea4ad0c0596"}
,"E:\\trade-history-api\\models\\tradeHistory.js": {"path":"E:\\trade-history-api\\models\\tradeHistory.js","statementMap":{"0":{"start":{"line":8,"column":21},"end":{"line":43,"column":2}}},"fnMap":{},"branchMap":{},"s":{"0":2},"f":{},"b":{},"_coverageSchema":"1a1c01bbd47fc00a2c39e90264f33305004495a9","hash":"a79cb58225647c7e1758b0f174ca178dad68e204"}
,"E:\\trade-history-api\\routes\\tradeHistoryRoutes.js": {"path":"E:\\trade-history-api\\routes\\tradeHistoryRoutes.js","statementMap":{"0":{"start":{"line":11,"column":15},"end":{"line":11,"column":31}},"1":{"start":{"line":56,"column":0},"end":{"line":56,"column":57}},"2":{"start":{"line":92,"column":0},"end":{"line":92,"column":65}},"3":{"start":{"line":124,"column":0},"end":{"line":124,"column":73}}},"fnMap":{},"branchMap":{},"s":{"0":1,"1":1,"2":1,"3":1},"f":{},"b":{},"_coverageSchema":"1a1c01bbd47fc00a2c39e90264f33305004495a9","hash":"2470aba75a5f3ad7c6c0cbbfb401302dc1f8fd6c"}
,"E:\\trade-history-api\\services\\tradeHistoryService.js": {"path":"E:\\trade-history-api\\services\\tradeHistoryService.js","statementMap":{"0":{"start":{"line":17,"column":20},"end":{"line":17,"column":52}},"1":{"start":{"line":20,"column":13},"end":{"line":20,"column":20}},"2":{"start":{"line":21,"column":2},"end":{"line":21,"column":36}},"3":{"start":{"line":24,"column":2},"end":{"line":24,"column":19}},"4":{"start":{"line":36,"column":2},"end":{"line":36,"column":18}},"5":{"start":{"line":39,"column":19},"end":{"line":39,"column":70}},"6":{"start":{"line":42,"column":23},"end":{"line":42,"column":54}},"7":{"start":{"line":43,"column":2},"end":{"line":45,"column":3}},"8":{"start":{"line":44,"column":4},"end":{"line":44,"column":36}},"9":{"start":{"line":48,"column":17},"end":{"line":48,"column":35}},"10":{"start":{"line":51,"column":26},"end":{"line":55,"column":4}},"11":{"start":{"line":58,"column":17},"end":{"line":58,"column":47}},"12":{"start":{"line":61,"column":2},"end":{"line":61,"column":72}},"13":{"start":{"line":64,"column":2},"end":{"line":64,"column":16}},"14":{"start":{"line":74,"column":2},"end":{"line":74,"column":40}}},"fnMap":{"0":{"name":"createTrade","decl":{"start":{"line":15,"column":22},"end":{"line":15,"column":33}},"loc":{"start":{"line":15,"column":41},"end":{"line":25,"column":1}},"line":15},"1":{"name":"getUserTrades","decl":{"start":{"line":34,"column":22},"end":{"line":34,"column":35}},"loc":{"start":{"line":34,"column":57},"end":{"line":65,"column":1}},"line":34},"2":{"name":"getTradeById","decl":{"start":{"line":72,"column":22},"end":{"line":72,"column":34}},"loc":{"start":{"line":72,"column":44},"end":{"line":75,"column":1}},"line":72}},"branchMap":{"0":{"loc":{"start":{"line":43,"column":2},"end":{"line":45,"column":3}},"type":"if","locations":[{"start":{"line":43,"column":2},"end":{"line":45,"column":3}},{"start":{},"end":{}}],"line":43}},"s":{"0":2,"1":2,"2":2,"3":2,"4":1,"5":1,"6":1,"7":1,"8":1,"9":0,"10":0,"11":0,"12":0,"13":0,"14":2},"f":{"0":2,"1":1,"2":2},"b":{"0":[1,0]},"_coverageSchema":"1a1c01bbd47fc00a2c39e90264f33305004495a9","hash":"cf272c27c18b0b02d710912d47e04137ad8372c5"}
}
