TN:
SF:app.js
FNF:0
FNH:0
DA:1,1
DA:2,1
DA:3,1
DA:4,1
DA:5,1
DA:6,1
DA:8,1
DA:10,1
DA:12,1
DA:13,1
DA:15,1
DA:16,1
DA:18,1
LF:13
LH:13
BRF:0
BRH:0
end_of_record
TN:
SF:redisClient.js
FN:7,(anonymous_0)
FN:11,connect
FN:17,disconnect
FNF:3
FNH:2
FNDA:0,(anonymous_0)
FNDA:1,connect
FNDA:1,disconnect
DA:1,2
DA:3,2
DA:7,2
DA:8,0
DA:12,1
DA:13,1
DA:18,1
DA:19,1
DA:23,2
LF:9
LH:8
BRDA:4,0,0,2
BRDA:4,0,1,0
BRDA:12,1,0,1
BRDA:12,1,1,0
BRDA:18,2,0,1
BRDA:18,2,1,0
BRF:6
BRH:3
end_of_record
TN:
SF:swaggerConfig.js
FNF:0
FNH:0
DA:1,1
DA:3,1
DA:15,1
DA:17,1
LF:4
LH:4
BRF:0
BRH:0
end_of_record
TN:
SF:controllers\tradeHistoryController.js
FN:3,(anonymous_0)
FN:13,(anonymous_1)
FN:24,(anonymous_2)
FNF:3
FNH:3
FNDA:1,(anonymous_0)
FNDA:1,(anonymous_1)
FNDA:2,(anonymous_2)
DA:1,1
DA:3,1
DA:4,1
DA:5,1
DA:6,1
DA:8,0
DA:9,0
DA:13,1
DA:14,1
DA:15,1
DA:16,1
DA:17,1
DA:19,0
DA:20,0
DA:24,1
DA:25,2
DA:26,2
DA:27,2
DA:28,1
DA:30,0
LF:20
LH:15
BRDA:14,0,0,0
BRDA:14,1,0,0
BRDA:27,2,0,1
BRDA:27,2,1,1
BRF:4
BRH:2
end_of_record
TN:
SF:middleware\authMiddleware.js
FN:3,(anonymous_0)
FN:7,(anonymous_1)
FNF:2
FNH:2
FNDA:7,(anonymous_0)
FNDA:4,(anonymous_1)
DA:1,1
DA:3,1
DA:4,7
DA:5,7
DA:7,4
DA:8,4
DA:9,4
DA:10,4
LF:8
LH:8
BRDA:5,0,0,3
BRDA:5,0,1,4
BRDA:8,1,0,0
BRDA:8,1,1,4
BRF:4
BRH:3
end_of_record
TN:
SF:models\index.js
FNF:0
FNH:0
DA:1,2
DA:2,2
DA:4,2
DA:9,2
DA:10,2
DA:12,2
LF:6
LH:6
BRF:0
BRH:0
end_of_record
TN:
SF:models\tradeHistory.js
FNF:0
FNH:0
DA:1,2
DA:2,2
DA:4,2
DA:41,2
LF:4
LH:4
BRF:0
BRH:0
end_of_record
TN:
SF:routes\tradeHistoryRoutes.js
FNF:0
FNH:0
DA:1,1
DA:2,1
DA:3,1
DA:5,1
DA:49,1
DA:84,1
DA:115,1
DA:117,1
LF:8
LH:8
BRF:0
BRH:0
end_of_record
TN:
SF:services\tradeHistoryService.js
FN:5,(anonymous_0)
FN:12,(anonymous_1)
FN:34,(anonymous_2)
FNF:3
FNH:3
FNDA:2,(anonymous_0)
FNDA:1,(anonymous_1)
FNDA:2,(anonymous_2)
DA:1,2
DA:2,2
DA:3,2
DA:5,2
DA:6,2
DA:7,2
DA:8,2
DA:9,2
DA:12,2
DA:13,1
DA:14,1
DA:15,1
DA:17,1
DA:18,1
DA:21,0
DA:22,0
DA:28,0
DA:29,0
DA:31,0
DA:34,2
DA:35,2
LF:21
LH:16
BRDA:17,0,0,1
BRDA:17,0,1,0
BRF:2
BRH:1
end_of_record
