TN:
SF:app.js
FNF:0
FNH:0
DA:9,1
DA:24,1
DA:27,1
DA:30,1
DA:33,1
DA:36,1
LF:6
LH:6
BRF:0
BRH:0
end_of_record
TN:
SF:redisClient.js
FN:10,(anonymous_0)
FN:15,connect
FN:22,disconnect
FNF:3
FNH:2
FNDA:0,(anonymous_0)
FNDA:1,connect
FNDA:1,disconnect
DA:5,2
DA:10,2
DA:11,0
DA:16,1
DA:17,1
DA:23,1
DA:24,1
LF:7
LH:6
BRDA:6,0,0,2
BRDA:6,0,1,0
BRDA:16,1,0,1
BRDA:16,1,1,0
BRDA:23,2,0,1
BRDA:23,2,1,0
BRF:6
BRH:3
end_of_record
TN:
SF:swaggerConfig.js
FNF:0
FNH:0
DA:5,1
DA:18,1
LF:2
LH:2
BRF:0
BRH:0
end_of_record
TN:
SF:controllers\tradeHistoryController.js
FN:9,(anonymous_0)
FN:27,(anonymous_1)
FN:47,(anonymous_2)
FNF:3
FNH:3
FNDA:1,(anonymous_0)
FNDA:1,(anonymous_1)
FNDA:2,(anonymous_2)
DA:9,1
DA:10,1
DA:12,1
DA:14,1
DA:17,0
DA:18,0
DA:27,1
DA:29,1
DA:30,1
DA:32,1
DA:34,1
DA:37,0
DA:38,0
DA:47,1
DA:48,2
DA:50,2
DA:52,2
DA:54,1
DA:57,0
LF:19
LH:14
BRDA:29,0,0,0
BRDA:29,1,0,0
BRDA:52,2,0,1
BRDA:52,2,1,1
BRF:4
BRH:2
end_of_record
TN:
SF:middleware\authMiddleware.js
FN:10,(anonymous_0)
FN:18,(anonymous_1)
FNF:2
FNH:2
FNDA:7,(anonymous_0)
FNDA:4,(anonymous_1)
DA:10,1
DA:12,7
DA:15,7
DA:18,4
DA:20,4
DA:23,4
DA:26,4
LF:7
LH:7
BRDA:15,0,0,3
BRDA:15,0,1,4
BRDA:20,1,0,0
BRDA:20,1,1,4
BRF:4
BRH:3
end_of_record
TN:
SF:models\index.js
FNF:0
FNH:0
DA:3,2
DA:5,2
DA:10,2
LF:3
LH:3
BRF:0
BRH:0
end_of_record
TN:
SF:models\tradeHistory.js
FNF:0
FNH:0
DA:8,2
LF:1
LH:1
BRF:0
BRH:0
end_of_record
TN:
SF:routes\tradeHistoryRoutes.js
FNF:0
FNH:0
DA:11,1
DA:56,1
DA:92,1
DA:124,1
LF:4
LH:4
BRF:0
BRH:0
end_of_record
TN:
SF:services\tradeHistoryService.js
FN:15,createTrade
FN:34,getUserTrades
FN:72,getTradeById
FNF:3
FNH:3
FNDA:2,createTrade
FNDA:1,getUserTrades
FNDA:2,getTradeById
DA:17,2
DA:20,2
DA:21,2
DA:24,2
DA:36,1
DA:39,1
DA:42,1
DA:43,1
DA:44,1
DA:48,0
DA:51,0
DA:58,0
DA:61,0
DA:64,0
DA:74,2
LF:15
LH:10
BRDA:43,0,0,1
BRDA:43,0,1,0
BRF:2
BRH:1
end_of_record
